2016-06-28 15:01:08 [::1][-][vqupn6j30cck26qouiama1kh14][warning][yii\log\Dispatcher::dispatch] Unable to send log via yii\debug\LogTarget: Exception (Invalid Configuration) 'yii\base\InvalidConfigException' with message 'The directory does not exist: E:/Naples/01 Developing/1.1 Code/1.1.1 SRC/NaplesNode/node/web/assets' 

in E:\Naples\01 Developing\1.1 Code\1.1.1 SRC\NaplesNode\vendor\yiisoft\yii2\web\AssetManager.php:211

Stack trace:
#0 E:\Naples\01 Developing\1.1 Code\1.1.1 SRC\NaplesNode\vendor\yiisoft\yii2\base\Object.php(107): yii\web\AssetManager->init()
#1 [internal function]: yii\base\Object->__construct(Array)
#2 E:\Naples\01 Developing\1.1 Code\1.1.1 SRC\NaplesNode\vendor\yiisoft\yii2\di\Container.php(374): ReflectionClass->newInstanceArgs(Array)
#3 E:\Naples\01 Developing\1.1 Code\1.1.1 SRC\NaplesNode\vendor\yiisoft\yii2\di\Container.php(153): yii\di\Container->build('yii\\web\\AssetMa...', Array, Array)
#4 E:\Naples\01 Developing\1.1 Code\1.1.1 SRC\NaplesNode\vendor\yiisoft\yii2\BaseYii.php(344): yii\di\Container->get('yii\\web\\AssetMa...', Array, Array)
#5 E:\Naples\01 Developing\1.1 Code\1.1.1 SRC\NaplesNode\vendor\yiisoft\yii2\di\ServiceLocator.php(133): yii\BaseYii::createObject(Array)
#6 E:\Naples\01 Developing\1.1 Code\1.1.1 SRC\NaplesNode\vendor\yiisoft\yii2\base\Application.php(600): yii\di\ServiceLocator->get('assetManager')
#7 E:\Naples\01 Developing\1.1 Code\1.1.1 SRC\NaplesNode\vendor\yiisoft\yii2\web\View.php(223): yii\base\Application->getAssetManager()
#8 E:\Naples\01 Developing\1.1 Code\1.1.1 SRC\NaplesNode\vendor\yiisoft\yii2\base\Component.php(130): yii\web\View->getAssetManager()
#9 E:\Naples\01 Developing\1.1 Code\1.1.1 SRC\NaplesNode\vendor\yiisoft\yii2-debug\panels\AssetPanel.php(53): yii\base\Component->__get('assetManager')
#10 E:\Naples\01 Developing\1.1 Code\1.1.1 SRC\NaplesNode\vendor\yiisoft\yii2-debug\LogTarget.php(55): yii\debug\panels\AssetPanel->save()
#11 E:\Naples\01 Developing\1.1 Code\1.1.1 SRC\NaplesNode\vendor\yiisoft\yii2-debug\LogTarget.php(112): yii\debug\LogTarget->export()
#12 E:\Naples\01 Developing\1.1 Code\1.1.1 SRC\NaplesNode\vendor\yiisoft\yii2\log\Dispatcher.php(183): yii\debug\LogTarget->collect(Array, true)
#13 E:\Naples\01 Developing\1.1 Code\1.1.1 SRC\NaplesNode\vendor\yiisoft\yii2\log\Logger.php(173): yii\log\Dispatcher->dispatch(Array, true)
#14 [internal function]: yii\log\Logger->flush(true)
#15 {main}
2016-06-28 15:01:07 [::1][-][vqupn6j30cck26qouiama1kh14][info][application] $_SESSION = [
    '__flash' => []
    '__returnUrl' => '/node/web/index.php'
]

$_SERVER = [
    'PATH' => 'C:\\Windows\\system32;C:\\Windows;C:\\Windows\\System32\\Wbem;C:\\Windows\\System32\\WindowsPowerShell\\v1.0\\;D:\\Program Files\\Java\\jdk1.6.0_10\\bin;D:\\Program Files\\Java\\jdk1.6.0_10\\jre\\bin;D:\\TortoiseSVN\\bin'
    'SYSTEMROOT' => 'C:\\Windows'
    'COMSPEC' => 'C:\\Windows\\system32\\cmd.exe'
    'PATHEXT' => '.COM;.EXE;.BAT;.CMD;.VBS;.VBE;.JS;.JSE;.WSF;.WSH;.MSC'
    'WINDIR' => 'C:\\Windows'
    'PHP_FCGI_MAX_REQUESTS' => '1000'
    'PHPRC' => 'C:/phpStudy/phpStudy/php56n'
    '_FCGI_SHUTDOWN_EVENT_' => '1772'
    'SCRIPT_NAME' => '/node/web/index.php'
    'REQUEST_URI' => '/node/web/index.php'
    'QUERY_STRING' => ''
    'REQUEST_METHOD' => 'GET'
    'SERVER_PROTOCOL' => 'HTTP/1.1'
    'GATEWAY_INTERFACE' => 'CGI/1.1'
    'REMOTE_PORT' => '57262'
    'SCRIPT_FILENAME' => 'E:/Naples/01 Developing/1.1 Code/1.1.1 SRC/NaplesNode/node/web/index.php'
    'SERVER_ADMIN' => 'admin@phpStudy.net'
    'CONTEXT_DOCUMENT_ROOT' => 'E:/Naples/01 Developing/1.1 Code/1.1.1 SRC/NaplesNode'
    'CONTEXT_PREFIX' => ''
    'REQUEST_SCHEME' => 'http'
    'DOCUMENT_ROOT' => 'E:/Naples/01 Developing/1.1 Code/1.1.1 SRC/NaplesNode'
    'REMOTE_ADDR' => '::1'
    'SERVER_PORT' => '80'
    'SERVER_ADDR' => '::1'
    'SERVER_NAME' => 'localhost'
    'SERVER_SOFTWARE' => 'Apache/2.4.10 (Win32) OpenSSL/1.0.1i mod_fcgid/2.3.9'
    'SERVER_SIGNATURE' => ''
    'SystemRoot' => 'C:\\Windows'
    'HTTP_CONNECTION' => 'close'
    'HTTP_HOST' => 'localhost'
    'HTTP_ACCEPT_ENCODING' => 'gzip, deflate'
    'HTTP_USER_AGENT' => 'Mozilla/5.0 (compatible; MSIE 9.0; Windows NT 6.1; WOW64; Trident/5.0)'
    'HTTP_ACCEPT_LANGUAGE' => 'zh-CN'
    'HTTP_ACCEPT' => 'text/html, application/xhtml+xml, */*'
    'FCGI_ROLE' => 'RESPONDER'
    'PHP_SELF' => '/node/web/index.php'
    'REQUEST_TIME_FLOAT' => 1467097267.1756
    'REQUEST_TIME' => 1467097267
]
